app/build/intermediates/manifest_merge_blame_file/release/manifest-merger-blame-release-report.txt
1<?xml version="1.0" encoding="utf-8"?>
2<!--
3    Copyright 2019 Google Inc. All Rights Reserved.
4
5     Licensed under the Apache License, Version 2.0 (the "License");
6     you may not use this file except in compliance with the License.
7     You may obtain a copy of the License at
8
9         http://www.apache.org/licenses/LICENSE-2.0
10
11     Unless required by applicable law or agreed to in writing, software
12     distributed under the License is distributed on an "AS IS" BASIS,
13     WITHOUT WARRANTIES OR CONDITIONS OF ANY KIND, either express or implied.
14     See the License for the specific language governing permissions and
15     limitations under the License.
16-->
17<!--
18 The "package" attribute is rewritten by the Gradle build with the value of applicationId.
19     It is still required here, as it is used to derive paths, for instance when referring
20     to an Activity by ".MyActivity" instead of the full name. If more Activities are added to the
21     application, the package attribute will need to reflect the correct path in order to use
22     the abbreviated format.
23-->
24<manifest xmlns:android="http://schemas.android.com/apk/res/android"
25    package="guide.enkindle.forum.twa"
26    android:versionCode="1"
27    android:versionName="1" >
28
29    <uses-sdk
30        android:minSdkVersion="19"
30-->src/main/AndroidManifest.xml
31        android:targetSdkVersion="31" />
31-->src/main/AndroidManifest.xml
32
33    <queries>
33-->[com.google.androidbrowserhelper:androidbrowserhelper:2.3.0] AndroidManifest.xml:26:5-34:15
34        <intent>
34-->[com.google.androidbrowserhelper:androidbrowserhelper:2.3.0] AndroidManifest.xml:27:9-33:18
35            <action android:name="android.intent.action.VIEW" />
35-->src/main/AndroidManifest.xml:139:17-68
35-->src/main/AndroidManifest.xml:139:25-66
36
37            <category android:name="android.intent.category.BROWSABLE" />
37-->src/main/AndroidManifest.xml:141:17-77
37-->src/main/AndroidManifest.xml:141:27-75
38
39            <data android:scheme="https" />
39-->src/main/AndroidManifest.xml:128:25-63
39-->src/main/AndroidManifest.xml:142:23-45
40        </intent>
41    </queries>
42
43    <application
43-->src/main/AndroidManifest.xml:29:5-182:19
44        android:name="guide.enkindle.forum.twa.Application"
44-->src/main/AndroidManifest.xml:30:9-35
45        android:allowBackup="true"
45-->src/main/AndroidManifest.xml:31:9-35
46        android:appComponentFactory="androidx.core.app.CoreComponentFactory"
46-->[androidx.core:core:1.1.0] AndroidManifest.xml:24:18-86
47        android:icon="@mipmap/ic_launcher"
47-->src/main/AndroidManifest.xml:32:9-43
48        android:label="@string/appName"
48-->src/main/AndroidManifest.xml:33:9-40
49        android:manageSpaceActivity="com.google.androidbrowserhelper.trusted.ManageDataLauncherActivity"
49-->src/main/AndroidManifest.xml:35:9-105
50        android:supportsRtl="true"
50-->src/main/AndroidManifest.xml:37:9-35
51        android:theme="@android:style/Theme.Translucent.NoTitleBar" >
51-->src/main/AndroidManifest.xml:38:9-68
52        <meta-data
52-->src/main/AndroidManifest.xml:40:9-42:58
53            android:name="asset_statements"
53-->src/main/AndroidManifest.xml:41:13-44
54            android:resource="@string/assetStatements" />
54-->src/main/AndroidManifest.xml:42:13-55
55        <meta-data
55-->src/main/AndroidManifest.xml:45:13-47:58
56            android:name="web_manifest_url"
56-->src/main/AndroidManifest.xml:46:17-48
57            android:value="@string/webManifestUrl" />
57-->src/main/AndroidManifest.xml:47:17-55
58        <meta-data
58-->src/main/AndroidManifest.xml:50:9-52:52
59            android:name="twa_generator"
59-->src/main/AndroidManifest.xml:51:13-41
60            android:value="@string/generatorApp" />
60-->src/main/AndroidManifest.xml:52:13-49
61
62        <activity android:name="com.google.androidbrowserhelper.trusted.ManageDataLauncherActivity" >
62-->src/main/AndroidManifest.xml:57:13-61:24
62-->src/main/AndroidManifest.xml:57:23-104
63            <meta-data
63-->src/main/AndroidManifest.xml:58:13-60:53
64                android:name="android.support.customtabs.trusted.MANAGE_SPACE_URL"
64-->src/main/AndroidManifest.xml:59:17-83
65                android:value="@string/launchUrl" />
65-->src/main/AndroidManifest.xml:60:17-50
66        </activity>
67        <activity
67-->src/main/AndroidManifest.xml:64:9-147:20
68            android:name="guide.enkindle.forum.twa.LauncherActivity"
68-->src/main/AndroidManifest.xml:64:19-50
69            android:alwaysRetainTaskState="true"
69-->src/main/AndroidManifest.xml:65:13-49
70            android:exported="true"
70-->src/main/AndroidManifest.xml:67:13-36
71            android:label="@string/launcherName" >
71-->src/main/AndroidManifest.xml:66:13-49
72            <meta-data
72-->src/main/AndroidManifest.xml:68:13-69:53
73                android:name="android.support.customtabs.trusted.DEFAULT_URL"
73-->src/main/AndroidManifest.xml:68:24-85
74                android:value="@string/launchUrl" />
74-->src/main/AndroidManifest.xml:69:17-50
75            <meta-data
75-->src/main/AndroidManifest.xml:71:13-73:58
76                android:name="android.support.customtabs.trusted.STATUS_BAR_COLOR"
76-->src/main/AndroidManifest.xml:72:17-83
77                android:resource="@color/colorPrimary" />
77-->src/main/AndroidManifest.xml:73:17-55
78            <meta-data
78-->src/main/AndroidManifest.xml:75:13-77:61
79                android:name="android.support.customtabs.trusted.NAVIGATION_BAR_COLOR"
79-->src/main/AndroidManifest.xml:76:17-87
80                android:resource="@color/navigationColor" />
80-->src/main/AndroidManifest.xml:77:17-58
81            <meta-data
81-->src/main/AndroidManifest.xml:79:13-81:65
82                android:name="android.support.customtabs.trusted.NAVIGATION_BAR_COLOR_DARK"
82-->src/main/AndroidManifest.xml:80:17-92
83                android:resource="@color/navigationColorDark" />
83-->src/main/AndroidManifest.xml:81:17-62
84            <meta-data
84-->src/main/AndroidManifest.xml:83:13-85:68
85                android:name="androix.browser.trusted.NAVIGATION_BAR_DIVIDER_COLOR"
85-->src/main/AndroidManifest.xml:84:17-84
86                android:resource="@color/navigationDividerColor" />
86-->src/main/AndroidManifest.xml:85:17-65
87            <meta-data
87-->src/main/AndroidManifest.xml:87:13-89:72
88                android:name="androix.browser.trusted.NAVIGATION_BAR_DIVIDER_COLOR_DARK"
88-->src/main/AndroidManifest.xml:88:17-89
89                android:resource="@color/navigationDividerColorDark" />
89-->src/main/AndroidManifest.xml:89:17-69
90            <meta-data
90-->src/main/AndroidManifest.xml:91:13-92:54
91                android:name="android.support.customtabs.trusted.SPLASH_IMAGE_DRAWABLE"
91-->src/main/AndroidManifest.xml:91:24-95
92                android:resource="@drawable/splash" />
92-->src/main/AndroidManifest.xml:92:17-52
93            <meta-data
93-->src/main/AndroidManifest.xml:94:13-95:60
94                android:name="android.support.customtabs.trusted.SPLASH_SCREEN_BACKGROUND_COLOR"
94-->src/main/AndroidManifest.xml:94:24-104
95                android:resource="@color/backgroundColor" />
95-->src/main/AndroidManifest.xml:95:17-58
96            <meta-data
96-->src/main/AndroidManifest.xml:97:13-98:71
97                android:name="android.support.customtabs.trusted.SPLASH_SCREEN_FADE_OUT_DURATION"
97-->src/main/AndroidManifest.xml:97:24-105
98                android:value="@integer/splashScreenFadeOutDuration" />
98-->src/main/AndroidManifest.xml:98:17-69
99            <meta-data
99-->src/main/AndroidManifest.xml:100:13-101:60
100                android:name="android.support.customtabs.trusted.FILE_PROVIDER_AUTHORITY"
100-->src/main/AndroidManifest.xml:100:24-97
101                android:value="@string/providerAuthority" />
101-->src/main/AndroidManifest.xml:101:17-58
102            <meta-data
102-->src/main/AndroidManifest.xml:103:13-97
103                android:name="android.app.shortcuts"
103-->src/main/AndroidManifest.xml:103:24-60
104                android:resource="@xml/shortcuts" />
104-->src/main/AndroidManifest.xml:103:61-94
105            <meta-data
105-->src/main/AndroidManifest.xml:105:13-106:56
106                android:name="android.support.customtabs.trusted.FALLBACK_STRATEGY"
106-->src/main/AndroidManifest.xml:105:24-91
107                android:value="@string/fallbackType" />
107-->src/main/AndroidManifest.xml:106:17-53
108            <meta-data
108-->src/main/AndroidManifest.xml:109:17-111:61
109                android:name="android.support.customtabs.trusted.METADATA_SHARE_TARGET"
109-->src/main/AndroidManifest.xml:110:21-92
110                android:resource="@string/shareTarget" />
110-->src/main/AndroidManifest.xml:111:21-59
111            <meta-data
111-->src/main/AndroidManifest.xml:116:13-117:54
112                android:name="android.support.customtabs.trusted.SCREEN_ORIENTATION"
112-->src/main/AndroidManifest.xml:116:24-92
113                android:value="@string/orientation" />
113-->src/main/AndroidManifest.xml:117:17-52
114
115            <intent-filter>
115-->src/main/AndroidManifest.xml:122:17-130:33
116                <action android:name="android.intent.action.SEND" />
116-->src/main/AndroidManifest.xml:124:25-77
116-->src/main/AndroidManifest.xml:124:33-74
117
118                <category android:name="android.intent.category.DEFAULT" />
118-->src/main/AndroidManifest.xml:126:21-80
118-->src/main/AndroidManifest.xml:126:31-77
119
120                <data android:mimeType="text/plain" />
120-->src/main/AndroidManifest.xml:128:25-63
120-->src/main/AndroidManifest.xml:128:31-60
121            </intent-filter>
122            <intent-filter>
122-->src/main/AndroidManifest.xml:133:13-136:29
123                <action android:name="android.intent.action.MAIN" />
123-->src/main/AndroidManifest.xml:134:17-69
123-->src/main/AndroidManifest.xml:134:25-66
124
125                <category android:name="android.intent.category.LAUNCHER" />
125-->src/main/AndroidManifest.xml:135:17-77
125-->src/main/AndroidManifest.xml:135:27-74
126            </intent-filter>
127            <intent-filter android:autoVerify="true" >
127-->src/main/AndroidManifest.xml:138:13-144:29
127-->src/main/AndroidManifest.xml:138:28-53
128                <action android:name="android.intent.action.VIEW" />
128-->src/main/AndroidManifest.xml:139:17-68
128-->src/main/AndroidManifest.xml:139:25-66
129
130                <category android:name="android.intent.category.DEFAULT" />
130-->src/main/AndroidManifest.xml:126:21-80
130-->src/main/AndroidManifest.xml:126:31-77
131                <category android:name="android.intent.category.BROWSABLE" />
131-->src/main/AndroidManifest.xml:141:17-77
131-->src/main/AndroidManifest.xml:141:27-75
132
133                <data
133-->src/main/AndroidManifest.xml:128:25-63
134                    android:host="@string/hostName"
134-->src/main/AndroidManifest.xml:143:21-52
135                    android:scheme="https" />
135-->src/main/AndroidManifest.xml:142:23-45
136            </intent-filter>
137        </activity>
138        <activity android:name="com.google.androidbrowserhelper.trusted.FocusActivity" />
138-->src/main/AndroidManifest.xml:149:9-90
138-->src/main/AndroidManifest.xml:149:19-87
139        <activity
139-->src/main/AndroidManifest.xml:151:9-152:62
140            android:name="com.google.androidbrowserhelper.trusted.WebViewFallbackActivity"
140-->src/main/AndroidManifest.xml:151:19-97
141            android:configChanges="orientation|screenSize" />
141-->src/main/AndroidManifest.xml:152:13-59
142
143        <provider
143-->src/main/AndroidManifest.xml:154:9-162:20
144            android:name="androidx.core.content.FileProvider"
144-->src/main/AndroidManifest.xml:155:13-62
145            android:authorities="@string/providerAuthority"
145-->src/main/AndroidManifest.xml:156:13-60
146            android:exported="false"
146-->src/main/AndroidManifest.xml:158:13-37
147            android:grantUriPermissions="true" >
147-->src/main/AndroidManifest.xml:157:13-47
148            <meta-data
148-->src/main/AndroidManifest.xml:159:13-161:53
149                android:name="android.support.FILE_PROVIDER_PATHS"
149-->src/main/AndroidManifest.xml:160:17-67
150                android:resource="@xml/filepaths" />
150-->src/main/AndroidManifest.xml:161:17-50
151        </provider>
152
153        <service
153-->src/main/AndroidManifest.xml:164:9-179:19
154            android:name="guide.enkindle.forum.twa.DelegationService"
154-->src/main/AndroidManifest.xml:165:13-46
155            android:enabled="@bool/enableNotification"
155-->src/main/AndroidManifest.xml:166:13-55
156            android:exported="@bool/enableNotification" >
156-->src/main/AndroidManifest.xml:167:13-56
157            <meta-data
157-->src/main/AndroidManifest.xml:170:17-172:73
158                android:name="android.support.customtabs.trusted.SMALL_ICON"
158-->src/main/AndroidManifest.xml:171:21-81
159                android:resource="@drawable/ic_notification_icon" />
159-->src/main/AndroidManifest.xml:172:21-70
160
161            <intent-filter>
161-->src/main/AndroidManifest.xml:175:13-178:29
162                <action android:name="android.support.customtabs.trusted.TRUSTED_WEB_ACTIVITY_SERVICE" />
162-->src/main/AndroidManifest.xml:176:17-105
162-->src/main/AndroidManifest.xml:176:25-103
163
164                <category android:name="android.intent.category.DEFAULT" />
164-->src/main/AndroidManifest.xml:126:21-80
164-->src/main/AndroidManifest.xml:126:31-77
165            </intent-filter>
166        </service>
167    </application>
168
169</manifest>